[14-08-2017 16:23:02] - Error drawing menu in C:\OSPanel\domains\spec-php-1.local\PHP1\inc\menu.inc.php:4
[14-08-2017 16:25:13] - Error drawing menu in C:\OSPanel\domains\spec-php-1.local\PHP1\inc\menu.inc.php:4
[14-08-2017 16:26:49] - Error drawing menu in C:\OSPanel\domains\spec-php-1.local\PHP1\inc\menu.inc.php:4
[14-08-2017 16:26:50] - Error drawing menu in C:\OSPanel\domains\spec-php-1.local\PHP1\inc\menu.inc.php:4
[14-08-2017 16:28:11] - Error drawing menu in C:\OSPanel\domains\spec-php-1.local\PHP1\inc\menu.inc.php:4
[14-08-2017 16:28:12] - Error drawing menu in C:\OSPanel\domains\spec-php-1.local\PHP1\inc\menu.inc.php:4
[14-08-2017 16:29:14] - Error drawing menu in C:\OSPanel\domains\spec-php-1.local\PHP1\inc\menu.inc.php:4
[14-08-2017 16:29:15] - Error drawing menu in C:\OSPanel\domains\spec-php-1.local\PHP1\inc\menu.inc.php:4
[14-08-2017 16:40:11] - Error drawing menu in C:\OSPanel\domains\spec-php-1.local\PHP1\inc\menu.inc.php:4
[14-08-2017 16:44:00] - Error drawing menu in C:\OSPanel\domains\spec-php-1.local\PHP1\inc\menu.inc.php:4
[14-08-2017 16:44:01] - Error drawing menu in C:\OSPanel\domains\spec-php-1.local\PHP1\inc\menu.inc.php:4
[14-08-2017 16:44:02] - Error drawing menu in C:\OSPanel\domains\spec-php-1.local\PHP1\inc\menu.inc.php:4
[14-08-2017 16:44:42] - Error drawing menu in C:\OSPanel\domains\spec-php-1.local\PHP1\inc\menu.inc.php:4
[14-08-2017 16:44:42] - Error drawing menu in C:\OSPanel\domains\spec-php-1.local\PHP1\inc\menu.inc.php:4
[14-08-2017 16:44:48] - Error drawing menu in C:\OSPanel\domains\spec-php-1.local\PHP1\inc\menu.inc.php:4
[14-08-2017 16:44:48] - Error drawing menu in C:\OSPanel\domains\spec-php-1.local\PHP1\inc\menu.inc.php:4
[14-08-2017 16:49:00] - Error drawing menu 123 in C:\OSPanel\domains\spec-php-1.local\PHP1\inc\menu.inc.php:4
[14-08-2017 17:10:57] - Undefined variable: leftMenu in C:\OSPanel\domains\spec-php-1.local\PHP1\inc\menu.inc.php:3
[14-08-2017 17:10:57] - Error drawing menu 123 in C:\OSPanel\domains\spec-php-1.local\PHP1\inc\menu.inc.php:4
[14-08-2017 17:10:57] - Undefined variable: leftMenu in C:\OSPanel\domains\spec-php-1.local\PHP1\inc\bottom.inc.php:2
[15-08-2017 14:09:28] - Undefined index: id in C:\OSPanel\domains\spec-php-1.local\PHP1\index.php:30
[15-08-2017 14:09:29] - Undefined index: id in C:\OSPanel\domains\spec-php-1.local\PHP1\index.php:30
[15-08-2017 14:11:05] - Undefined index: id in C:\OSPanel\domains\spec-php-1.local\PHP1\index.php:30
[15-08-2017 14:11:11] - Undefined index: id in C:\OSPanel\domains\spec-php-1.local\PHP1\index.php:30
[15-08-2017 14:13:38] - Undefined index: id in C:\OSPanel\domains\spec-php-1.local\PHP1\index.php:30
[15-08-2017 14:13:38] - include(index.inc.php): failed to open stream: No such file or directory in C:\OSPanel\domains\spec-php-1.local\PHP1\index.php:90
[15-08-2017 14:13:38] - include(): Failed opening 'index.inc.php' for inclusion (include_path='.;c:/ospanel/modules/php/PHP-5.6;c:/ospanel/modules/php/PHP-5.6/PEAR/pear') in C:\OSPanel\domains\spec-php-1.local\PHP1\index.php:90
[15-08-2017 14:13:39] - Undefined index: id in C:\OSPanel\domains\spec-php-1.local\PHP1\index.php:30
[15-08-2017 14:13:39] - include(index.inc.php): failed to open stream: No such file or directory in C:\OSPanel\domains\spec-php-1.local\PHP1\index.php:90
[15-08-2017 14:13:39] - include(): Failed opening 'index.inc.php' for inclusion (include_path='.;c:/ospanel/modules/php/PHP-5.6;c:/ospanel/modules/php/PHP-5.6/PEAR/pear') in C:\OSPanel\domains\spec-php-1.local\PHP1\index.php:90
[15-08-2017 14:13:40] - Undefined index: id in C:\OSPanel\domains\spec-php-1.local\PHP1\index.php:30
[15-08-2017 14:13:40] - include(index.inc.php): failed to open stream: No such file or directory in C:\OSPanel\domains\spec-php-1.local\PHP1\index.php:90
[15-08-2017 14:13:40] - include(): Failed opening 'index.inc.php' for inclusion (include_path='.;c:/ospanel/modules/php/PHP-5.6;c:/ospanel/modules/php/PHP-5.6/PEAR/pear') in C:\OSPanel\domains\spec-php-1.local\PHP1\index.php:90
[15-08-2017 14:13:55] - Undefined index: id in C:\OSPanel\domains\spec-php-1.local\PHP1\index.php:30
[15-08-2017 14:13:55] - include(index.inc.php): failed to open stream: No such file or directory in C:\OSPanel\domains\spec-php-1.local\PHP1\index.php:90
[15-08-2017 14:13:55] - include(): Failed opening 'index.inc.php' for inclusion (include_path='.;c:/ospanel/modules/php/PHP-5.6;c:/ospanel/modules/php/PHP-5.6/PEAR/pear') in C:\OSPanel\domains\spec-php-1.local\PHP1\index.php:90
[15-08-2017 14:14:06] - Undefined index: id in C:\OSPanel\domains\spec-php-1.local\PHP1\index.php:30
[15-08-2017 14:14:08] - Undefined index: id in C:\OSPanel\domains\spec-php-1.local\PHP1\index.php:30
[15-08-2017 14:21:04] - Undefined variable: cols in C:\OSPanel\domains\spec-php-1.local\PHP1\table.php:10
[15-08-2017 14:21:04] - Undefined variable: rows in C:\OSPanel\domains\spec-php-1.local\PHP1\table.php:11
[15-08-2017 14:21:04] - Undefined variable: color in C:\OSPanel\domains\spec-php-1.local\PHP1\table.php:12
[15-08-2017 14:21:05] - Undefined variable: cols in C:\OSPanel\domains\spec-php-1.local\PHP1\table.php:10
[15-08-2017 14:21:05] - Undefined variable: rows in C:\OSPanel\domains\spec-php-1.local\PHP1\table.php:11
[15-08-2017 14:21:05] - Undefined variable: color in C:\OSPanel\domains\spec-php-1.local\PHP1\table.php:12
[15-08-2017 14:25:46] - Undefined index: cols in C:\OSPanel\domains\spec-php-1.local\PHP1\table.php:5
[15-08-2017 14:25:46] - Undefined index: rows in C:\OSPanel\domains\spec-php-1.local\PHP1\table.php:6
[15-08-2017 14:25:46] - Undefined index: color in C:\OSPanel\domains\spec-php-1.local\PHP1\table.php:7
[15-08-2017 14:25:46] - Undefined index: cols in C:\OSPanel\domains\spec-php-1.local\PHP1\table.php:19
[15-08-2017 14:26:47] - Undefined variable: cols in C:\OSPanel\domains\spec-php-1.local\PHP1\table.php:10
[15-08-2017 14:26:47] - Undefined variable: rows in C:\OSPanel\domains\spec-php-1.local\PHP1\table.php:11
[15-08-2017 14:26:47] - Undefined variable: color in C:\OSPanel\domains\spec-php-1.local\PHP1\table.php:12
[15-08-2017 14:26:47] - Undefined index: cols in C:\OSPanel\domains\spec-php-1.local\PHP1\table.php:19
[15-08-2017 14:26:47] - Undefined index: rows in C:\OSPanel\domains\spec-php-1.local\PHP1\table.php:23
[15-08-2017 14:26:47] - Undefined index: color in C:\OSPanel\domains\spec-php-1.local\PHP1\table.php:27
[15-08-2017 14:26:51] - Undefined index: id in C:\OSPanel\domains\spec-php-1.local\PHP1\index.php:30
[15-08-2017 14:26:59] - Undefined index: id in C:\OSPanel\domains\spec-php-1.local\PHP1\index.php:30
[15-08-2017 14:43:32] - Undefined index: id in C:\OSPanel\domains\spec-php-1.local\PHP1\index.php:30
[15-08-2017 14:43:36] - Undefined index: id in C:\OSPanel\domains\spec-php-1.local\PHP1\index.php:30
[15-08-2017 14:44:24] - Undefined index: id in C:\OSPanel\domains\spec-php-1.local\PHP1\index.php:30
[15-08-2017 14:44:59] - Undefined index: id in C:\OSPanel\domains\spec-php-1.local\PHP1\index.php:30
[15-08-2017 14:45:10] - Undefined variable: cols in C:\OSPanel\domains\spec-php-1.local\PHP1\table.php:10
[15-08-2017 14:45:10] - Undefined variable: rows in C:\OSPanel\domains\spec-php-1.local\PHP1\table.php:11
[15-08-2017 14:45:10] - Undefined variable: color in C:\OSPanel\domains\spec-php-1.local\PHP1\table.php:12
[15-08-2017 14:45:10] - Undefined index: cols in C:\OSPanel\domains\spec-php-1.local\PHP1\table.php:19
[15-08-2017 14:45:10] - Undefined index: rows in C:\OSPanel\domains\spec-php-1.local\PHP1\table.php:23
[15-08-2017 14:45:10] - Undefined index: color in C:\OSPanel\domains\spec-php-1.local\PHP1\table.php:27
[15-08-2017 14:47:21] - Undefined index: num1 in C:\OSPanel\domains\spec-php-1.local\PHP1\calc.php:2
[15-08-2017 14:49:58] - Undefined index: num1 in C:\OSPanel\domains\spec-php-1.local\PHP1\calc.php:2
[15-08-2017 14:49:58] - Undefined index: num2 in C:\OSPanel\domains\spec-php-1.local\PHP1\calc.php:3
[15-08-2017 14:49:58] - Undefined index: operator in C:\OSPanel\domains\spec-php-1.local\PHP1\calc.php:4
[15-08-2017 14:54:09] - Undefined index: num1 in C:\OSPanel\domains\spec-php-1.local\PHP1\calc.php:2
[15-08-2017 14:54:09] - Undefined index: num2 in C:\OSPanel\domains\spec-php-1.local\PHP1\calc.php:3
[15-08-2017 14:54:09] - Undefined index: operator in C:\OSPanel\domains\spec-php-1.local\PHP1\calc.php:4
[15-08-2017 14:54:46] - Undefined index: sel in C:\OSPanel\domains\spec-php-1.local\PHP1\calc.php:4
[15-08-2017 14:56:13] - Undefined index: num1 in C:\OSPanel\domains\spec-php-1.local\PHP1\calc.php:2
[15-08-2017 14:56:13] - Undefined index: num2 in C:\OSPanel\domains\spec-php-1.local\PHP1\calc.php:3
[15-08-2017 14:56:13] - Undefined index: sel in C:\OSPanel\domains\spec-php-1.local\PHP1\calc.php:4
[15-08-2017 14:56:37] - Undefined index: num1 in C:\OSPanel\domains\spec-php-1.local\PHP1\calc.php:2
[15-08-2017 14:56:37] - Undefined index: num2 in C:\OSPanel\domains\spec-php-1.local\PHP1\calc.php:3
[15-08-2017 14:56:37] - Undefined index: sel in C:\OSPanel\domains\spec-php-1.local\PHP1\calc.php:4
[15-08-2017 14:57:09] - Undefined index: num1 in C:\OSPanel\domains\spec-php-1.local\PHP1\calc.php:2
[15-08-2017 14:57:09] - Undefined index: num2 in C:\OSPanel\domains\spec-php-1.local\PHP1\calc.php:3
[15-08-2017 14:57:09] - Undefined index: sel in C:\OSPanel\domains\spec-php-1.local\PHP1\calc.php:4
[15-08-2017 14:58:12] - Undefined index: num1 in C:\OSPanel\domains\spec-php-1.local\PHP1\calc.php:2
[15-08-2017 14:58:12] - Undefined index: num2 in C:\OSPanel\domains\spec-php-1.local\PHP1\calc.php:3
[15-08-2017 14:58:12] - Undefined index: operator in C:\OSPanel\domains\spec-php-1.local\PHP1\calc.php:4
[15-08-2017 14:58:20] - Undefined index: num1 in C:\OSPanel\domains\spec-php-1.local\PHP1\calc.php:2
[15-08-2017 14:58:20] - Undefined index: num2 in C:\OSPanel\domains\spec-php-1.local\PHP1\calc.php:3
[15-08-2017 14:58:20] - Undefined index: operator in C:\OSPanel\domains\spec-php-1.local\PHP1\calc.php:4
[15-08-2017 15:00:52] - Undefined index: num1 in C:\OSPanel\domains\spec-php-1.local\PHP1\calc.php:2
[15-08-2017 15:00:52] - Undefined index: num2 in C:\OSPanel\domains\spec-php-1.local\PHP1\calc.php:3
[15-08-2017 15:00:52] - Undefined index: operator in C:\OSPanel\domains\spec-php-1.local\PHP1\calc.php:4
[15-08-2017 15:01:03] - Undefined index: num1 in C:\OSPanel\domains\spec-php-1.local\PHP1\calc.php:2
[15-08-2017 15:01:03] - Undefined index: num2 in C:\OSPanel\domains\spec-php-1.local\PHP1\calc.php:3
[15-08-2017 15:01:03] - Undefined index: operator in C:\OSPanel\domains\spec-php-1.local\PHP1\calc.php:4
[15-08-2017 15:01:22] - Undefined index: num1 in C:\OSPanel\domains\spec-php-1.local\PHP1\calc.php:2
[15-08-2017 15:01:22] - Undefined index: num2 in C:\OSPanel\domains\spec-php-1.local\PHP1\calc.php:3
[15-08-2017 15:01:22] - Undefined index: operator in C:\OSPanel\domains\spec-php-1.local\PHP1\calc.php:4
[15-08-2017 15:01:24] - Undefined index: num1 in C:\OSPanel\domains\spec-php-1.local\PHP1\calc.php:2
[15-08-2017 15:01:24] - Undefined index: num2 in C:\OSPanel\domains\spec-php-1.local\PHP1\calc.php:3
[15-08-2017 15:01:24] - Undefined index: operator in C:\OSPanel\domains\spec-php-1.local\PHP1\calc.php:4
[15-08-2017 15:03:00] - Undefined index: num1 in C:\OSPanel\domains\spec-php-1.local\PHP1\calc.php:2
[15-08-2017 15:03:00] - Undefined index: num2 in C:\OSPanel\domains\spec-php-1.local\PHP1\calc.php:3
[15-08-2017 15:03:00] - Undefined index: operator in C:\OSPanel\domains\spec-php-1.local\PHP1\calc.php:4
[15-08-2017 15:03:00] - Undefined variable: result in C:\OSPanel\domains\spec-php-1.local\PHP1\calc.php:6
[15-08-2017 15:03:42] - Undefined index: num1 in C:\OSPanel\domains\spec-php-1.local\PHP1\calc.php:2
[15-08-2017 15:03:42] - Undefined index: num2 in C:\OSPanel\domains\spec-php-1.local\PHP1\calc.php:3
[15-08-2017 15:03:42] - Undefined index: operator in C:\OSPanel\domains\spec-php-1.local\PHP1\calc.php:4
[15-08-2017 15:03:42] - Undefined variable: result in C:\OSPanel\domains\spec-php-1.local\PHP1\calc.php:6
[15-08-2017 15:03:47] - Undefined variable: result in C:\OSPanel\domains\spec-php-1.local\PHP1\calc.php:6
[15-08-2017 15:03:48] - Undefined variable: result in C:\OSPanel\domains\spec-php-1.local\PHP1\calc.php:6
[15-08-2017 15:03:49] - Undefined variable: result in C:\OSPanel\domains\spec-php-1.local\PHP1\calc.php:6
[15-08-2017 15:03:49] - Undefined variable: result in C:\OSPanel\domains\spec-php-1.local\PHP1\calc.php:6
[15-08-2017 15:03:52] - Undefined variable: result in C:\OSPanel\domains\spec-php-1.local\PHP1\calc.php:6
[15-08-2017 15:04:09] - Undefined variable: result in C:\OSPanel\domains\spec-php-1.local\PHP1\calc.php:6
[15-08-2017 15:04:44] - Undefined index: num1 in C:\OSPanel\domains\spec-php-1.local\PHP1\calc.php:2
[15-08-2017 15:04:44] - Undefined index: num2 in C:\OSPanel\domains\spec-php-1.local\PHP1\calc.php:3
[15-08-2017 15:04:44] - Undefined index: operator in C:\OSPanel\domains\spec-php-1.local\PHP1\calc.php:4
[15-08-2017 15:05:01] - Undefined index: num1 in C:\OSPanel\domains\spec-php-1.local\PHP1\calc.php:2
[15-08-2017 15:05:01] - Undefined index: num2 in C:\OSPanel\domains\spec-php-1.local\PHP1\calc.php:3
[15-08-2017 15:05:01] - Undefined index: operator in C:\OSPanel\domains\spec-php-1.local\PHP1\calc.php:4
[15-08-2017 15:06:53] - Division by zero in C:\OSPanel\domains\spec-php-1.local\PHP1\calc.php:20
[15-08-2017 15:10:52] - Division by zero in C:\OSPanel\domains\spec-php-1.local\PHP1\calc.php:21
[15-08-2017 15:10:52] - Division by zero in C:\OSPanel\domains\spec-php-1.local\PHP1\calc.php:22
[15-08-2017 15:11:53] - Undefined index: num1 in C:\OSPanel\domains\spec-php-1.local\PHP1\calc.php:2
[15-08-2017 15:11:53] - Undefined index: num2 in C:\OSPanel\domains\spec-php-1.local\PHP1\calc.php:3
[15-08-2017 15:11:53] - Undefined index: operator in C:\OSPanel\domains\spec-php-1.local\PHP1\calc.php:4
[15-08-2017 15:11:55] - Undefined index: num1 in C:\OSPanel\domains\spec-php-1.local\PHP1\calc.php:2
[15-08-2017 15:11:55] - Undefined index: num2 in C:\OSPanel\domains\spec-php-1.local\PHP1\calc.php:3
[15-08-2017 15:11:55] - Undefined index: operator in C:\OSPanel\domains\spec-php-1.local\PHP1\calc.php:4
[15-08-2017 15:12:16] - Division by zero in C:\OSPanel\domains\spec-php-1.local\PHP1\calc.php:21
[15-08-2017 15:12:16] - Division by zero in C:\OSPanel\domains\spec-php-1.local\PHP1\calc.php:24
[15-08-2017 15:13:19] - Undefined index: num1 in C:\OSPanel\domains\spec-php-1.local\PHP1\calc.php:2
[15-08-2017 15:13:19] - Undefined index: num2 in C:\OSPanel\domains\spec-php-1.local\PHP1\calc.php:3
[15-08-2017 15:13:19] - Undefined index: operator in C:\OSPanel\domains\spec-php-1.local\PHP1\calc.php:4
[15-08-2017 15:13:25] - Division by zero in C:\OSPanel\domains\spec-php-1.local\PHP1\calc.php:21
[15-08-2017 15:13:25] - Division by zero in C:\OSPanel\domains\spec-php-1.local\PHP1\calc.php:24
[15-08-2017 15:14:48] - Undefined index: id in C:\OSPanel\domains\spec-php-1.local\PHP1\index.php:30
